<?xml version="1.0" encoding="UTF-8"?>
<!-- Generated by org.testng.reporters.JUnitReportReporter -->
<testsuite hostname="DESKTOP-F40QS3H" failures="0" tests="1" name="eCommerceProject.Myntra" time="14.275" errors="0" timestamp="2023-07-25T19:36:18 IST" skipped="0">
  <testcase classname="eCommerceProject.Myntra" name="myntraTest" time="14.275"/>
  <system-out>
    <![CDATA[open myntra]]>
  </system-out>
</testsuite> <!-- eCommerceProject.Myntra -->
