<?xml version="1.0" encoding="UTF-8"?>
<!-- Generated by org.testng.reporters.JUnitReportReporter -->
<testsuite hostname="DESKTOP-F40QS3H" failures="0" tests="1" name="eCommerceProject.Amazon" time="14.932" errors="0" timestamp="2023-07-25T19:36:18 IST" skipped="0">
  <testcase classname="eCommerceProject.Amazon" name="amazonTest" time="14.932"/>
  <system-out>
    <![CDATA[open amazon]]>
  </system-out>
</testsuite> <!-- eCommerceProject.Amazon -->
