<?xml version="1.0" encoding="UTF-8"?>
<!-- Generated by org.testng.reporters.JUnitReportReporter -->
<testsuite hostname="DESKTOP-F40QS3H" failures="0" tests="1" name="eCommerceProject.Flipkart" time="22.851" errors="0" timestamp="2023-07-25T19:36:18 IST" skipped="0">
  <testcase classname="eCommerceProject.Flipkart" name="flipkartTest" time="22.851"/>
  <system-out>
    <![CDATA[open flipkart]]>
  </system-out>
</testsuite> <!-- eCommerceProject.Flipkart -->
